Inicio ----
Error -- no se pudo cargar los datos ..... 2023-07-14 12:13:33.263356
Error -- no se pudo cargar los datos ..... 2023-07-14 12:14:26.364525
Error -- no se pudo cargar los datos ..... 2023-07-14 12:17:14.154797
Error -- no se pudo cargar los datos........................2023-07-14 12:38:35.222126
AVISO No se pudo cargar los datos.................................2023-07-14 14:31:05.769690
Error -- No se pudo cargar los datos.................................2023-07-14 14:35:22.520231
Aviso -- No hay fichas para Alistamiento.............................2023-07-14 14:40:54.549895
Aviso -- No hay fichas para Terminacion..............................2023-07-14 14:40:54.552899
Aviso -- Hay 6fichas de Alistamiento.................................2023-07-14 14:44:40.794407
Aviso -- Hay 9fichas de Alistamiento.................................2023-07-14 14:44:40.797409
Aviso -- Hay 6 fichas de Alistamiento................................2023-07-14 14:45:09.656372
Aviso -- Hay 9 fichas de Terminacion.................................2023-07-14 14:45:09.659373
Aviso -- Hay 5 fichas de Alistamiento................................2023-07-14 14:45:51.600084
Aviso -- Hay 8 fichas de Terminacion.................................2023-07-14 14:45:51.602273
++++++ -- Nuevo dia...................................................2023-07-14 14:50:15.113556
Aviso -- Hay 5 fichas de Alistamiento................................2023-07-14 14:50:15.117561
Aviso -- Hay 8 fichas de Terminacion.................................2023-07-14 14:50:15.121561
+++++ -- ............................................................2023-07-14 14:50:57.526439
Aviso -- Hay 5 fichas de Alistamiento................................2023-07-14 14:50:57.530462
Aviso -- Hay 8 fichas de Terminacion.................................2023-07-14 14:50:57.532686
+++++ -- NUEVA EJECUCION ROBOT.......................................2023-07-14 14:51:47.341074
Aviso -- Hay 5 fichas de Alistamiento................................2023-07-14 14:51:47.345074
Aviso -- Hay 8 fichas de Terminacion.................................2023-07-14 14:51:47.348073
+++++ -- NUEVA EJECUCION ROBOT.......................................2023-07-14 14:57:45.116426
Aviso -- Hay 5 fichas de Alistamiento................................2023-07-14 14:57:45.120435
+++++ -- NUEVA EJECUCION ROBOT.......................................2023-07-14 14:59:00.253495
Aviso -- Hay 5 fichas de Alistamiento................................2023-07-14 14:59:00.256496
Aviso -- Alistamiento a Eulises Mogollon Ortiz con 2.................2023-07-14 14:59:00.276721
Aviso -- Alistamiento a  con 3.......................................2023-07-14 14:59:00.280872
Aviso -- Hay 8 fichas de Terminacion.................................2023-07-14 14:59:00.283870
Aviso -- Se envio correo de Terminacion..............................2023-07-14 14:59:00.285871
Aviso -- Se envio correo de Terminacion..............................2023-07-14 14:59:00.286870
+++++ -- NUEVA EJECUCION ROBOT...................................................................................................2023-07-14 15:00:21.023605
Aviso -- Hay 5 fichas de Alistamiento............................................................................................2023-07-14 15:00:21.027603
Aviso -- Se envio correo de Alistamiento a Eulises Mogollon Ortiz con 2..........................................................2023-07-14 15:00:21.043134
Aviso -- Se envio correo de Alistamiento a  con 3................................................................................2023-07-14 15:00:21.048130
Aviso -- Hay 8 fichas de Terminacion.............................................................................................2023-07-14 15:00:21.051353
Aviso -- Se envio correo de Terminacion a Jorge Luis Uribe Parra con 4...........................................................2023-07-14 15:00:21.053498
Aviso -- Se envio correo de Terminacion a  con 4.................................................................................2023-07-14 15:00:21.054711
+++++ -- NUEVA EJECUCION ROBOT...................................................................................................2023-07-14 15:04:40.915175
Aviso -- Hay 5 fichas de Alistamiento............................................................................................2023-07-14 15:04:40.918176
Aviso -- Se envio correo de Alistamiento a Eulises Mogollon Ortiz con 2:2789786, 2789787, .......................................2023-07-14 15:04:40.934783
Aviso -- Se envio correo de Alistamiento a  con 3:2792343, 2792344, 2792345, ....................................................2023-07-14 15:04:40.940300
Aviso -- Hay 8 fichas de Terminacion.............................................................................................2023-07-14 15:04:40.944301
Aviso -- Se envio correo de Terminacion a Jorge Luis Uribe Parra con 4:2776321, 2776322, 2776323, 2776324, ......................2023-07-14 15:04:40.945439
Aviso -- Se envio correo de Terminacion a  con 4:2765486, 2765487, 2765488, 2765489, ............................................2023-07-14 15:04:40.946447
+++++ -- NUEVA EJECUCION ROBOT...................................................................................................2023-07-14 15:05:51.984391
Aviso -- Hay 5 fichas de Alistamiento............................................................................................2023-07-14 15:05:51.988747
Aviso -- Se envio correo de Alistamiento a Eulises Mogollon Ortiz con 2 fichas: [2789786, 2789787, ].............................2023-07-14 15:05:52.008035
Aviso -- Se envio correo de Alistamiento a  con 3 fichas: [2792343, 2792344, 2792345, ]..........................................2023-07-14 15:05:52.012077
Aviso -- Hay 8 fichas de Terminacion.............................................................................................2023-07-14 15:05:52.015665
Aviso -- Se envio correo de Terminacion a Jorge Luis Uribe Parra con 4 fichas: [2776321, 2776322, 2776323, 2776324, ]............2023-07-14 15:05:52.017899
Aviso -- Se envio correo de Terminacion a  con 4 fichas: [2765486, 2765487, 2765488, 2765489, ]..................................2023-07-14 15:05:52.018906
+++++ -- NUEVA EJECUCION ROBOT...................................................................................................2023-07-14 15:06:17.752898
Aviso -- Hay 5 fichas de Alistamiento............................................................................................2023-07-14 15:06:17.757040
Aviso -- Se envio correo de Alistamiento a Eulises Mogollon Ortiz con 2 fichas: [ 2789786, 2789787, ]............................2023-07-14 15:06:17.773089
Aviso -- Se envio correo de Alistamiento a  con 3 fichas: [ 2792343, 2792344, 2792345, ].........................................2023-07-14 15:06:17.778576
Aviso -- Hay 8 fichas de Terminacion.............................................................................................2023-07-14 15:06:17.782575
Aviso -- Se envio correo de Terminacion a Jorge Luis Uribe Parra con 4 fichas: [ 2776321, 2776322, 2776323, 2776324, ]...........2023-07-14 15:06:17.783577
Aviso -- Se envio correo de Terminacion a  con 4 fichas: [ 2765486, 2765487, 2765488, 2765489, ].................................2023-07-14 15:06:17.785577