
+++++ -- NUEVA EJECUCION DEL ROBOT...............................................................................................2023-07-25 08:17:35.084241
Aviso -- Hay 4 fichas de Alistamiento............................................................................................2023-07-25 08:17:35.084241
Aviso -- Se envio correo de Alistamiento a Doris Amparo Portilla Pabón con 4 fichas: [ 2807999, 2808010, 2808000, 2808012, ].....2023-07-25 08:17:37.104295
Aviso -- Hay 4 fichas de Terminacion.............................................................................................2023-07-25 08:17:39.039745
Aviso -- Se envio correo de Terminacion a Sandy Paola Cuesta Parra con 4 fichas: [ 2792289, 2792291, 2792292, 2792303, ].........2023-07-25 08:17:40.042869
+++++ -- NUEVA EJECUCION DEL ROBOT...............................................................................................2023-07-25 08:41:55.997176
Aviso -- Hay 4 fichas de Alistamiento............................................................................................2023-07-25 08:41:55.997176
Aviso -- Se envio correo de Alistamiento a Doris Amparo Portilla Pabón con 4 fichas: [ 2807999, 2808010, 2808000, 2808012, ].....2023-07-25 08:41:59.018909
Aviso -- Hay 4 fichas de Terminacion.............................................................................................2023-07-25 08:42:01.292071
Aviso -- Se envio correo de Terminacion a Sandy Paola Cuesta Parra con 4 fichas: [ 2792289, 2792291, 2792292, 2792303, ].........2023-07-25 08:42:04.295129
+++++ -- NUEVA EJECUCION DEL ROBOT...............................................................................................2023-07-26 10:12:55.257198
Aviso -- No hay fichas para Alistamiento.........................................................................................2023-07-26 10:12:55.269375
Aviso -- Hay 2 fichas de Terminacion.............................................................................................2023-07-26 10:12:55.280586
Aviso -- Se envio correo de Terminacion a Lizeth Solanyi Torres con 2 fichas: [ 2792629, 2792630, ]..............................2023-07-26 10:12:57.329885
+++++ -- NUEVA EJECUCION DEL ROBOT...............................................................................................2023-07-26 11:35:23.579066
Aviso -- No hay fichas para Alistamiento.........................................................................................2023-07-26 11:35:23.606962
Aviso -- Hay 2 fichas de Terminacion.............................................................................................2023-07-26 11:35:23.623916
Aviso -- Se envio correo de Terminacion a Lizeth Solanyi Torres con 2 fichas: [ 2792629, 2792630, ]..............................2023-07-26 11:35:23.656693
+++++ -- NUEVA EJECUCION DEL ROBOT...............................................................................................2023-07-26 11:56:45.408858
Aviso -- No hay fichas para Alistamiento.........................................................................................2023-07-26 11:56:45.423314
Aviso -- Hay 2 fichas de Terminacion.............................................................................................2023-07-26 11:56:45.440431
Aviso -- Se envio correo de Terminacion a Lizeth Solanyi Torres con 2 fichas: [ 2792629, 2792630, ]..............................2023-07-26 11:56:48.476025
+++++ -- NUEVA EJECUCION DEL ROBOT...............................................................................................2023-07-26 12:35:34.766448
Aviso -- No hay fichas para Alistamiento.........................................................................................2023-07-26 12:35:34.783402
Aviso -- Hay 2 fichas de Terminacion.............................................................................................2023-07-26 12:35:34.799359
Aviso -- Se envio correo de Terminacion a Lizeth Solanyi Torres con 2 fichas: [ 2792629, 2792630, ]..............................2023-07-26 12:35:36.842589
+++++ -- NUEVA EJECUCION DEL ROBOT...............................................................................................2023-07-26 12:48:44.403811
Aviso -- No hay fichas para Alistamiento.........................................................................................2023-07-26 12:48:44.419768
Aviso -- Hay 2 fichas de Terminacion.............................................................................................2023-07-26 12:48:44.432738
Aviso -- Se envio correo de Terminacion a Lizeth Solanyi Torres con 2 fichas: [ 2792629, 2792630, ]..............................2023-07-26 12:48:45.464772
+++++ -- NUEVA EJECUCION DEL ROBOT...............................................................................................2023-07-26 13:11:55.189876
Aviso -- No hay fichas para Alistamiento.........................................................................................2023-07-26 13:11:55.203718
Aviso -- Hay 2 fichas de Terminacion.............................................................................................2023-07-26 13:11:55.215790
Aviso -- Se envio correo de Terminacion a Lizeth Solanyi Torres con 2 fichas: [ 2792629, 2792630, ]..............................2023-07-26 13:11:55.241563
+++++ -- NUEVA EJECUCION DEL ROBOT...............................................................................................2023-07-26 13:12:15.765467
Aviso -- No hay fichas para Alistamiento.........................................................................................2023-07-26 13:12:15.779407
Aviso -- Hay 2 fichas de Terminacion.............................................................................................2023-07-26 13:12:15.794409
Aviso -- Se envio correo de Terminacion a Lizeth Solanyi Torres con 2 fichas: [ 2792629, 2792630, ]..............................2023-07-26 13:12:16.833447
+++++ -- NUEVA EJECUCION DEL ROBOT...............................................................................................2023-07-26 13:13:06.899528
Aviso -- No hay fichas para Alistamiento.........................................................................................2023-07-26 13:13:06.915174
Aviso -- Hay 2 fichas de Terminacion.............................................................................................2023-07-26 13:13:06.928058
Aviso -- Se envio correo de Terminacion a Lizeth Solanyi Torres con 2 fichas: [ 2792629, 2792630, ]..............................2023-07-26 13:13:06.941062
+++++ -- NUEVA EJECUCION DEL ROBOT...............................................................................................2023-07-26 13:19:54.844252
Aviso -- No hay fichas para Alistamiento.........................................................................................2023-07-26 13:19:54.858208
Aviso -- Hay 2 fichas de Terminacion.............................................................................................2023-07-26 13:19:54.871182
Aviso -- Se envio correo de Terminacion a Lizeth Solanyi Torres con 2 fichas: [ 2792629, 2792630, ]..............................2023-07-26 13:19:55.901423
+++++ -- NUEVA EJECUCION DEL ROBOT...............................................................................................2023-07-26 13:20:39.552106
Aviso -- No hay fichas para Alistamiento.........................................................................................2023-07-26 13:20:39.566933
Aviso -- Hay 2 fichas de Terminacion.............................................................................................2023-07-26 13:20:39.586518
Aviso -- Se envio correo de Terminacion a Lizeth Solanyi Torres con 2 fichas: [ 2792629, 2792630, ]..............................2023-07-26 13:20:39.613047
+++++ -- NUEVA EJECUCION DEL ROBOT...............................................................................................2023-07-26 15:03:55.060707
Aviso -- No hay fichas para Alistamiento.........................................................................................2023-07-26 15:03:55.094588
Aviso -- Hay 2 fichas de Terminacion.............................................................................................2023-07-26 15:03:55.119520
Aviso -- Se envio correo de Terminacion a Lizeth Solanyi Torres con 2 fichas: [ 2792629, 2792630, ]..............................2023-07-26 15:03:55.174627